[debug] > Exec(early(addDefaultCommands), None, None)
[debug] > Exec(addDefaultCommands, None, None)
[debug] > Exec(early(initialize), None, None)
[debug] > Exec(initialize, None, None)
[debug] > Exec(early(addPluginSbtFile="""C:\Users\yusuf\AppData\Local\Temp\idea.sbt"""), None, None)
[debug] > Exec(addPluginSbtFile="""C:\Users\yusuf\AppData\Local\Temp\idea.sbt""", None, None)
[debug] > Exec(boot, None, None)
[debug] > Exec(writeSbtVersion, None, None)
[debug] > Exec(reload, None, None)
[debug] > Exec(sbtStashOnFailure, None, None)
[debug] > Exec(onFailure loadFailed, None, None)
[debug] > Exec(loadp, None, None)
[info] welcome to sbt 1.9.9 (Oracle Corporation Java 21.0.1)
[debug] Load.defaultLoad until apply took 166.5783ms
[debug]           Load.loadUnit: plugins took 175.8662ms
[debug]           Load.loadUnit: defsScala took 0.4171ms
[debug] [Loading] Scanning directory C:\Users\yusuf\IdeaProjects\FINAL_PROJECT_ASSIGNMENT\project
[debug]             Load.loadUnit: mkEval took 24.8667ms
[debug] [Loading] Found non-root projects 
[debug] [Loading] Done in C:\Users\yusuf\IdeaProjects\FINAL_PROJECT_ASSIGNMENT\project, returning: ()
[debug] deducing auto plugins based on known facts Set(Atom(sbt.plugins.CorePlugin)) and clauses Clauses(Clause(Atom(sbt.plugins.JvmPlugin),Set(Atom(sbt.plugins.IvyPlugin)))
[debug] Clause(Atom(sbt.ScriptedPlugin),Set(Atom(sbt.plugins.JvmPlugin)))
[debug] Clause(Atom(sbt.plugins.SbtPlugin),Set(Atom(sbt.ScriptedPlugin)))
[debug] Clause(Atom(sbt.plugins.SemanticdbPlugin),Set(Atom(sbt.plugins.JvmPlugin)))
[debug] Clause(Atom(sbt.plugins.JUnitXmlReportPlugin),Set(Atom(sbt.plugins.JvmPlugin)))
[debug] Clause(Atom(sbt.plugins.MiniDependencyTreePlugin),Set(Atom(sbt.plugins.JvmPlugin)))
[debug] Clause(Atom(sbt.plugins.CorePlugin),Set(Atom(sbt.plugins.IvyPlugin)))
[debug] Clause(Atom(sbt.plugins.IvyPlugin),Set(Atom(sbt.plugins.JvmPlugin)))
[debug] Clause(Atom(sbt.plugins.JvmPlugin),Set(Atom(sbt.plugins.SemanticdbPlugin)))
[debug] Clause(Atom(sbt.plugins.JvmPlugin),Set(Atom(sbt.plugins.JUnitXmlReportPlugin)))
[debug] Clause(Atom(sbt.plugins.CorePlugin),Set(Atom(sbt.plugins.Giter8TemplatePlugin)))
[debug] Clause(Atom(sbt.plugins.JvmPlugin),Set(Atom(sbt.plugins.MiniDependencyTreePlugin))))
[debug]   :: deduced result: Matched(sbt.plugins.CorePlugin,sbt.plugins.Giter8TemplatePlugin,sbt.plugins.IvyPlugin,sbt.plugins.JvmPlugin,sbt.plugins.MiniDependencyTreePlugin,sbt.plugins.JUnitXmlReportPlugin,sbt.plugins.SemanticdbPlugin)
[debug] Plugins.deducer#function took 17.5695 ms
[info] loading settings for project final_project_assignment-build from idea.sbt ...
[debug]               Load.resolveProject(final_project_assignment-build) took 50.705ms
[debug]             Load.loadTransitive: finalizeProject(Project(id final_project_assignment-build, base: C:\Users\yusuf\IdeaProjects\FINAL_PROJECT_ASSIGNMENT\project, plugins: List(<none>))) took 86.7467ms
[debug] [Loading] Done in C:\Users\yusuf\IdeaProjects\FINAL_PROJECT_ASSIGNMENT\project, returning: (final_project_assignment-build)
[debug]           Load.loadUnit: loadedProjectsRaw took 432.3684ms
[debug]           Load.loadUnit: cleanEvalClasses took 11.8146ms
[debug]         Load.loadUnit(file:/C:/Users/yusuf/IdeaProjects/FINAL_PROJECT_ASSIGNMENT/project/, ...) took 630.0708ms
[debug]       Load.apply: load took 763.2273ms
[debug]       Load.apply: resolveProjects took 5.3379ms
[debug]       Load.apply: finalTransforms took 58.6229ms
[debug]       Load.apply: config.delegates took 5.0139ms
[debug]       Load.apply: Def.make(settings)... took 437.4952ms
[debug]       Load.apply: structureIndex took 96.827ms
[debug]       Load.apply: mkStreams took 1.1455ms
[info] loading project definition from C:\Users\yusuf\IdeaProjects\FINAL_PROJECT_ASSIGNMENT\project
[debug] Running task... Cancel: Signal, check cycles: false, forcegc: true
[debug]     Load.loadUnit: plugins took 2974.3041ms
[debug]     Load.loadUnit: defsScala took 0.0031ms
[debug] [Loading] Scanning directory C:\Users\yusuf\IdeaProjects\FINAL_PROJECT_ASSIGNMENT
[debug]       Load.loadUnit: mkEval took 1.7096ms
[debug] [Loading] Found root project root w/ remaining 
[debug] deducing auto plugins based on known facts Set(Atom(sbt.plugins.CorePlugin)) and clauses Clauses(Clause(Atom(sbt.plugins.JvmPlugin),Set(Atom(sbt.plugins.IvyPlugin)))
[debug] Clause(Atom(sbt.ScriptedPlugin),Set(Atom(sbt.plugins.JvmPlugin)))
[debug] Clause(Atom(sbt.plugins.SbtPlugin),Set(Atom(sbt.ScriptedPlugin)))
[debug] Clause(Atom(sbt.plugins.SemanticdbPlugin),Set(Atom(sbt.plugins.JvmPlugin)))
[debug] Clause(Atom(sbt.plugins.JUnitXmlReportPlugin),Set(Atom(sbt.plugins.JvmPlugin)))
[debug] Clause(Atom(sbt.plugins.MiniDependencyTreePlugin),Set(Atom(sbt.plugins.JvmPlugin)))
[debug] Clause(Atom(org.jetbrains.sbt.StructurePlugin),Set(Atom(sbt.plugins.JvmPlugin)))
[debug] Clause(Atom(org.jetbrains.sbt.IdeaShellPlugin),Set(Atom(sbt.plugins.JvmPlugin)))
[debug] Clause(Atom(sbt.plugins.CorePlugin),Set(Atom(sbt.plugins.IvyPlugin)))
[debug] Clause(Atom(sbt.plugins.IvyPlugin),Set(Atom(sbt.plugins.JvmPlugin)))
[debug] Clause(Atom(sbt.plugins.JvmPlugin),Set(Atom(sbt.plugins.SemanticdbPlugin)))
[debug] Clause(Atom(sbt.plugins.JvmPlugin),Set(Atom(sbt.plugins.JUnitXmlReportPlugin)))
[debug] Clause(Atom(sbt.plugins.CorePlugin),Set(Atom(sbt.plugins.Giter8TemplatePlugin)))
[debug] Clause(Atom(sbt.plugins.JvmPlugin),Set(Atom(sbt.plugins.MiniDependencyTreePlugin)))
[debug] Clause(Atom(sbt.plugins.JvmPlugin),Set(Atom(org.jetbrains.sbt.StructurePlugin)))
[debug] Clause(Atom(sbt.plugins.JvmPlugin),Set(Atom(org.jetbrains.sbt.IdeaShellPlugin))))
[debug]   :: deduced result: Matched(sbt.plugins.CorePlugin,sbt.plugins.Giter8TemplatePlugin,sbt.plugins.IvyPlugin,sbt.plugins.JvmPlugin,sbt.plugins.SemanticdbPlugin,sbt.plugins.JUnitXmlReportPlugin,org.jetbrains.sbt.IdeaShellPlugin,org.jetbrains.sbt.StructurePlugin,sbt.plugins.MiniDependencyTreePlugin)
[debug] Plugins.deducer#function took 1.3607 ms
[info] loading settings for project root from build.sbt ...
[debug]         Load.resolveProject(root) took 23.3047ms
[debug]       Load.loadTransitive: finalizeProject(Project(id root, base: C:\Users\yusuf\IdeaProjects\FINAL_PROJECT_ASSIGNMENT, plugins: List(<none>))) took 25.6219ms
[debug] [Loading] Done in C:\Users\yusuf\IdeaProjects\FINAL_PROJECT_ASSIGNMENT, returning: (root)
[debug]     Load.loadUnit: loadedProjectsRaw took 2666.9114ms
[debug]     Load.loadUnit: cleanEvalClasses took 35.2988ms
[debug]   Load.loadUnit(file:/C:/Users/yusuf/IdeaProjects/FINAL_PROJECT_ASSIGNMENT/, ...) took 5678.5284ms
[debug] Load.apply: load took 5723.4212ms
[debug] Load.apply: resolveProjects took 0.1404ms
[debug] Load.apply: finalTransforms took 142.5142ms
[debug] Load.apply: config.delegates took 0.4103ms
[debug] Load.apply: Def.make(settings)... took 77.9942ms
[debug] Load.apply: structureIndex took 34.4529ms
[debug] Load.apply: mkStreams took 0.0033ms
[info] set current project to FINAL_PROJECT_ASSIGNMENT (in build file:/C:/Users/yusuf/IdeaProjects/FINAL_PROJECT_ASSIGNMENT/)
[debug] > Exec(sbtPopOnFailure, None, None)
[debug] > Exec(resumeFromFailure, None, None)
[debug] > Exec(notifyUsersAboutShell, None, None)
[debug] > Exec(iflast shell, None, None)
[debug] > Exec(idea-shell, None, None)
