[debug] > Exec(early(addDefaultCommands), None, None)
[debug] > Exec(addDefaultCommands, None, None)
[debug] > Exec(early(initialize), None, None)
[debug] > Exec(initialize, None, None)
[debug] > Exec(early(addPluginSbtFile="""C:\Users\yusuf\AppData\Local\Temp\idea.sbt"""), None, None)
[debug] > Exec(addPluginSbtFile="""C:\Users\yusuf\AppData\Local\Temp\idea.sbt""", None, None)
[debug] > Exec(boot, None, None)
[debug] > Exec(writeSbtVersion, None, None)
[debug] > Exec(reload, None, None)
[debug] > Exec(sbtStashOnFailure, None, None)
[debug] > Exec(onFailure loadFailed, None, None)
[debug] > Exec(loadp, None, None)
[info] welcome to sbt 1.9.9 (Oracle Corporation Java 21.0.1)
[debug] Load.defaultLoad until apply took 157.1176ms
[debug]           Load.loadUnit: plugins took 126.9949ms
[debug]           Load.loadUnit: defsScala took 0.4364ms
[debug] [Loading] Scanning directory C:\Users\yusuf\IdeaProjects\FINAL_PROJECT_ASSIGNMENT\project
[debug]             Load.loadUnit: mkEval took 10.0981ms
[debug] [Loading] Found non-root projects 
[debug] [Loading] Done in C:\Users\yusuf\IdeaProjects\FINAL_PROJECT_ASSIGNMENT\project, returning: ()
[debug] deducing auto plugins based on known facts Set(Atom(sbt.plugins.CorePlugin)) and clauses Clauses(Clause(Atom(sbt.plugins.JvmPlugin),Set(Atom(sbt.plugins.IvyPlugin)))
[debug] Clause(Atom(sbt.ScriptedPlugin),Set(Atom(sbt.plugins.JvmPlugin)))
[debug] Clause(Atom(sbt.plugins.SbtPlugin),Set(Atom(sbt.ScriptedPlugin)))
[debug] Clause(Atom(sbt.plugins.SemanticdbPlugin),Set(Atom(sbt.plugins.JvmPlugin)))
[debug] Clause(Atom(sbt.plugins.JUnitXmlReportPlugin),Set(Atom(sbt.plugins.JvmPlugin)))
[debug] Clause(Atom(sbt.plugins.MiniDependencyTreePlugin),Set(Atom(sbt.plugins.JvmPlugin)))
[debug] Clause(Atom(sbt.plugins.CorePlugin),Set(Atom(sbt.plugins.IvyPlugin)))
[debug] Clause(Atom(sbt.plugins.IvyPlugin),Set(Atom(sbt.plugins.JvmPlugin)))
[debug] Clause(Atom(sbt.plugins.JvmPlugin),Set(Atom(sbt.plugins.SemanticdbPlugin)))
[debug] Clause(Atom(sbt.plugins.JvmPlugin),Set(Atom(sbt.plugins.JUnitXmlReportPlugin)))
[debug] Clause(Atom(sbt.plugins.CorePlugin),Set(Atom(sbt.plugins.Giter8TemplatePlugin)))
[debug] Clause(Atom(sbt.plugins.JvmPlugin),Set(Atom(sbt.plugins.MiniDependencyTreePlugin))))
[debug]   :: deduced result: Matched(sbt.plugins.CorePlugin,sbt.plugins.Giter8TemplatePlugin,sbt.plugins.IvyPlugin,sbt.plugins.JvmPlugin,sbt.plugins.MiniDependencyTreePlugin,sbt.plugins.JUnitXmlReportPlugin,sbt.plugins.SemanticdbPlugin)
[debug] Plugins.deducer#function took 22.5033 ms
[info] loading settings for project final_project_assignment-build from idea.sbt ...
[debug]               Load.resolveProject(final_project_assignment-build) took 53.7823ms
[debug]             Load.loadTransitive: finalizeProject(Project(id final_project_assignment-build, base: C:\Users\yusuf\IdeaProjects\FINAL_PROJECT_ASSIGNMENT\project, plugins: List(<none>))) took 85.4537ms
[debug] [Loading] Done in C:\Users\yusuf\IdeaProjects\FINAL_PROJECT_ASSIGNMENT\project, returning: (final_project_assignment-build)
[debug]           Load.loadUnit: loadedProjectsRaw took 3234.6015ms
[debug]           Load.loadUnit: cleanEvalClasses took 12.5979ms
[debug]         Load.loadUnit(file:/C:/Users/yusuf/IdeaProjects/FINAL_PROJECT_ASSIGNMENT/project/, ...) took 3381.3415ms
[debug]       Load.apply: load took 3572.0004ms
[debug]       Load.apply: resolveProjects took 7.3087ms
[debug]       Load.apply: finalTransforms took 77.8269ms
[debug]       Load.apply: config.delegates took 13.3862ms
[debug]       Load.apply: Def.make(settings)... took 772.3014ms
[debug]       Load.apply: structureIndex took 130.5633ms
[debug]       Load.apply: mkStreams took 1.7247ms
[info] loading project definition from C:\Users\yusuf\IdeaProjects\FINAL_PROJECT_ASSIGNMENT\project
[debug] Running task... Cancel: Signal, check cycles: false, forcegc: true
[debug]     Load.loadUnit: plugins took 7507.7548ms
[debug]     Load.loadUnit: defsScala took 0.0033ms
[debug] [Loading] Scanning directory C:\Users\yusuf\IdeaProjects\FINAL_PROJECT_ASSIGNMENT
[debug]       Load.loadUnit: mkEval took 0.79ms
[debug] [Loading] Found root project root w/ remaining 
[debug] deducing auto plugins based on known facts Set(Atom(sbt.plugins.CorePlugin)) and clauses Clauses(Clause(Atom(sbt.plugins.JvmPlugin),Set(Atom(sbt.plugins.IvyPlugin)))
[debug] Clause(Atom(sbt.ScriptedPlugin),Set(Atom(sbt.plugins.JvmPlugin)))
[debug] Clause(Atom(sbt.plugins.SbtPlugin),Set(Atom(sbt.ScriptedPlugin)))
[debug] Clause(Atom(sbt.plugins.SemanticdbPlugin),Set(Atom(sbt.plugins.JvmPlugin)))
[debug] Clause(Atom(sbt.plugins.JUnitXmlReportPlugin),Set(Atom(sbt.plugins.JvmPlugin)))
[debug] Clause(Atom(sbt.plugins.MiniDependencyTreePlugin),Set(Atom(sbt.plugins.JvmPlugin)))
[debug] Clause(Atom(org.jetbrains.sbt.StructurePlugin),Set(Atom(sbt.plugins.JvmPlugin)))
[debug] Clause(Atom(org.jetbrains.sbt.IdeaShellPlugin),Set(Atom(sbt.plugins.JvmPlugin)))
[debug] Clause(Atom(sbt.plugins.CorePlugin),Set(Atom(sbt.plugins.IvyPlugin)))
[debug] Clause(Atom(sbt.plugins.IvyPlugin),Set(Atom(sbt.plugins.JvmPlugin)))
[debug] Clause(Atom(sbt.plugins.JvmPlugin),Set(Atom(sbt.plugins.SemanticdbPlugin)))
[debug] Clause(Atom(sbt.plugins.JvmPlugin),Set(Atom(sbt.plugins.JUnitXmlReportPlugin)))
[debug] Clause(Atom(sbt.plugins.CorePlugin),Set(Atom(sbt.plugins.Giter8TemplatePlugin)))
[debug] Clause(Atom(sbt.plugins.JvmPlugin),Set(Atom(sbt.plugins.MiniDependencyTreePlugin)))
[debug] Clause(Atom(sbt.plugins.JvmPlugin),Set(Atom(org.jetbrains.sbt.StructurePlugin)))
[debug] Clause(Atom(sbt.plugins.JvmPlugin),Set(Atom(org.jetbrains.sbt.IdeaShellPlugin))))
[debug]   :: deduced result: Matched(sbt.plugins.CorePlugin,sbt.plugins.Giter8TemplatePlugin,sbt.plugins.IvyPlugin,sbt.plugins.JvmPlugin,sbt.plugins.SemanticdbPlugin,sbt.plugins.JUnitXmlReportPlugin,org.jetbrains.sbt.IdeaShellPlugin,org.jetbrains.sbt.StructurePlugin,sbt.plugins.MiniDependencyTreePlugin)
[debug] Plugins.deducer#function took 2.4007 ms
[info] loading settings for project root from build.sbt ...
[debug]         Load.resolveProject(root) took 29.8112ms
[debug]       Load.loadTransitive: finalizeProject(Project(id root, base: C:\Users\yusuf\IdeaProjects\FINAL_PROJECT_ASSIGNMENT, plugins: List(<none>))) took 33.8147ms
[debug] [Loading] Done in C:\Users\yusuf\IdeaProjects\FINAL_PROJECT_ASSIGNMENT, returning: (root)
[debug]     Load.loadUnit: loadedProjectsRaw took 1498.0795ms
[debug]     Load.loadUnit: cleanEvalClasses took 27.6486ms
[debug]   Load.loadUnit(file:/C:/Users/yusuf/IdeaProjects/FINAL_PROJECT_ASSIGNMENT/, ...) took 9035.4883ms
[debug] Load.apply: load took 9065.5913ms
[debug] Load.apply: resolveProjects took 0.2111ms
[debug] Load.apply: finalTransforms took 39.8766ms
[debug] Load.apply: config.delegates took 0.4546ms
[debug] Load.apply: Def.make(settings)... took 150.5184ms
[debug] Load.apply: structureIndex took 47.318ms
[debug] Load.apply: mkStreams took 0.0049ms
[info] set current project to FINAL_PROJECT_ASSIGNMENT (in build file:/C:/Users/yusuf/IdeaProjects/FINAL_PROJECT_ASSIGNMENT/)
[debug] > Exec(sbtPopOnFailure, None, None)
[debug] > Exec(resumeFromFailure, None, None)
[debug] > Exec(notifyUsersAboutShell, None, None)
[debug] > Exec(iflast shell, None, None)
[debug] > Exec(idea-shell, None, None)
